<?xml version="1.0" encoding="UTF-8"?>
<!-- Generated by org.testng.reporters.JUnitReportReporter -->
<testsuite hostname="LAPTOP-H1B5I8AJ" failures="0" tests="1" name="RestAPIPracticePackage.RestApi_Learning.GetByLatLon_test" time="2.761" errors="0" timestamp="22 May 2021 02:21:53 GMT" skipped="0">
  <testcase classname="RestAPIPracticePackage.RestApi_Learning.GetByLatLon_test" name="getweatherDetails_ByCoordinates" time="2.761"/>
</testsuite> <!-- RestAPIPracticePackage.RestApi_Learning.GetByLatLon_test -->
